# JRE version: OpenJDK Runtime Environment (11.0.11+9) (build 11.0.11+9-b60-7590822)
# Java VM: OpenJDK 64-Bit Server VM (11.0.11+9-b60-7590822, mixed mode, tiered, compressed oops, g1 gc, windows-amd64)
Heap:
 garbage-first heap   total 118784K, used 83540K [0x0000000080000000, 0x0000000100000000)
  region size 1024K, 31 young (31744K), 6 survivors (6144K)
 Metaspace       used 74187K, capacity 75852K, committed 76144K, reserved 1116160K
  class space    used 9663K, capacity 10276K, committed 10316K, reserved 1048576K
GC Heap History (20 events):
Event: 9.868 GC heap before
{Heap before GC invocations=9 (full 0):
 garbage-first heap   total 98304K, used 67589K [0x0000000080000000, 0x0000000100000000)
  region size 1024K, 47 young (48128K), 6 survivors (6144K)
 Metaspace       used 38673K, capacity 39544K, committed 39752K, reserved 1083392K
  class space    used 4938K, capacity 5278K, committed 5324K, reserved 1048576K
}
Event: 9.881 GC heap after
{Heap after GC invocations=10 (full 0):
 garbage-first heap   total 98304K, used 26239K [0x0000000080000000, 0x0000000100000000)
  region size 1024K, 6 young (6144K), 6 survivors (6144K)
 Metaspace       used 38673K, capacity 39544K, committed 39752K, reserved 1083392K
  class space    used 4938K, capacity 5278K, committed 5324K, reserved 1048576K
}
Event: 10.951 GC heap before
{Heap before GC invocations=10 (full 0):
 garbage-first heap   total 98304K, used 68223K [0x0000000080000000, 0x0000000100000000)
  region size 1024K, 47 young (48128K), 6 survivors (6144K)
 Metaspace       used 41602K, capacity 42558K, committed 42824K, reserved 1087488K
  class space    used 5363K, capacity 5718K, committed 5836K, reserved 1048576K
}
Event: 10.965 GC heap after
{Heap after GC invocations=11 (full 0):
 garbage-first heap   total 118784K, used 28360K [0x0000000080000000, 0x0000000100000000)
  region size 1024K, 6 young (6144K), 6 survivors (6144K)
 Metaspace       used 41602K, capacity 42558K, committed 42824K, reserved 1087488K
  class space    used 5363K, capacity 5718K, committed 5836K, reserved 1048576K
}
Event: 12.479 GC heap before
{Heap before GC invocations=11 (full 0):
 garbage-first heap   total 118784K, used 79560K [0x0000000080000000, 0x0000000100000000)
  region size 1024K, 56 young (57344K), 6 survivors (6144K)
 Metaspace       used 46084K, capacity 47119K, committed 47176K, reserved 1089536K
  class space    used 5924K, capacity 6300K, committed 6348K, reserved 1048576K
}
Event: 12.487 GC heap after
{Heap after GC invocations=12 (full 0):
 garbage-first heap   total 118784K, used 30470K [0x0000000080000000, 0x0000000100000000)
  region size 1024K, 5 young (5120K), 5 survivors (5120K)
 Metaspace       used 46084K, capacity 47119K, committed 47176K, reserved 1089536K
  class space    used 5924K, capacity 6300K, committed 6348K, reserved 1048576K
}
Event: 14.715 GC heap before
{Heap before GC invocations=12 (full 0):
 garbage-first heap   total 118784K, used 86790K [0x0000000080000000, 0x0000000100000000)
  region size 1024K, 56 young (57344K), 5 survivors (5120K)
 Metaspace       used 47989K, capacity 49130K, committed 49224K, reserved 1091584K
  class space    used 6119K, capacity 6581K, committed 6604K, reserved 1048576K
}
Event: 14.726 GC heap after
{Heap after GC invocations=13 (full 0):
 garbage-first heap   total 118784K, used 43146K [0x0000000080000000, 0x0000000100000000)
  region size 1024K, 7 young (7168K), 7 survivors (7168K)
 Metaspace       used 47989K, capacity 49130K, committed 49224K, reserved 1091584K
  class space    used 6119K, capacity 6581K, committed 6604K, reserved 1048576K
}
Event: 16.111 GC heap before
{Heap before GC invocations=13 (full 0):
 garbage-first heap   total 118784K, used 87178K [0x0000000080000000, 0x0000000100000000)
  region size 1024K, 50 young (51200K), 7 survivors (7168K)
 Metaspace       used 53253K, capacity 54511K, committed 54856K, reserved 1097728K
  class space    used 6777K, capacity 7276K, committed 7372K, reserved 1048576K
}
Event: 16.120 GC heap after
{Heap after GC invocations=14 (full 0):
 garbage-first heap   total 118784K, used 45618K [0x0000000080000000, 0x0000000100000000)
  region size 1024K, 3 young (3072K), 3 survivors (3072K)
 Metaspace       used 53253K, capacity 54511K, committed 54856K, reserved 1097728K
  class space    used 6777K, capacity 7276K, committed 7372K, reserved 1048576K
}
Event: 17.305 GC heap before
{Heap before GC invocations=14 (full 0):
 garbage-first heap   total 118784K, used 79410K [0x0000000080000000, 0x0000000100000000)
  region size 1024K, 37 young (37888K), 3 survivors (3072K)
 Metaspace       used 58518K, capacity 59878K, committed 60068K, reserved 1101824K
  class space    used 7434K, capacity 7974K, committed 8012K, reserved 1048576K
}
Event: 17.313 GC heap after
{Heap after GC invocations=15 (full 0):
 garbage-first heap   total 118784K, used 46837K [0x0000000080000000, 0x0000000100000000)
  region size 1024K, 4 young (4096K), 4 survivors (4096K)
 Metaspace       used 58518K, capacity 59878K, committed 60068K, reserved 1101824K
  class space    used 7434K, capacity 7974K, committed 8012K, reserved 1048576K
}
Event: 18.511 GC heap before
{Heap before GC invocations=16 (full 0):
 garbage-first heap   total 118784K, used 89845K [0x0000000080000000, 0x0000000100000000)
  region size 1024K, 47 young (48128K), 4 survivors (4096K)
 Metaspace       used 62771K, capacity 64229K, committed 64368K, reserved 1105920K
  class space    used 7943K, capacity 8501K, committed 8524K, reserved 1048576K
}
Event: 18.523 GC heap after
{Heap after GC invocations=17 (full 0):
 garbage-first heap   total 118784K, used 50819K [0x0000000080000000, 0x0000000100000000)
  region size 1024K, 6 young (6144K), 6 survivors (6144K)
 Metaspace       used 62771K, capacity 64229K, committed 64368K, reserved 1105920K
  class space    used 7943K, capacity 8501K, committed 8524K, reserved 1048576K
}
Event: 19.245 GC heap before
{Heap before GC invocations=17 (full 0):
 garbage-first heap   total 118784K, used 93827K [0x0000000080000000, 0x0000000100000000)
  region size 1024K, 47 young (48128K), 6 survivors (6144K)
 Metaspace       used 64619K, capacity 66145K, committed 66288K, reserved 1107968K
  class space    used 8212K, capacity 8813K, committed 8908K, reserved 1048576K
}
Event: 19.254 GC heap after
{Heap after GC invocations=18 (full 0):
 garbage-first heap   total 118784K, used 53801K [0x0000000080000000, 0x0000000100000000)
  region size 1024K, 4 young (4096K), 4 survivors (4096K)
 Metaspace       used 64619K, capacity 66145K, committed 66288K, reserved 1107968K
  class space    used 8212K, capacity 8813K, committed 8908K, reserved 1048576K
}
Event: 20.626 GC heap before
{Heap before GC invocations=18 (full 0):
 garbage-first heap   total 118784K, used 93737K [0x0000000080000000, 0x0000000100000000)
  region size 1024K, 43 young (44032K), 4 survivors (4096K)
 Metaspace       used 68474K, capacity 70028K, committed 70256K, reserved 1110016K
  class space    used 8862K, capacity 9466K, committed 9548K, reserved 1048576K
}
Event: 20.634 GC heap after
{Heap after GC invocations=19 (full 0):
 garbage-first heap   total 118784K, used 56223K [0x0000000080000000, 0x0000000100000000)
  region size 1024K, 6 young (6144K), 6 survivors (6144K)
 Metaspace       used 68474K, capacity 70028K, committed 70256K, reserved 1110016K
  class space    used 8862K, capacity 9466K, committed 9548K, reserved 1048576K
}
Event: 22.828 GC heap before
{Heap before GC invocations=19 (full 0):
 garbage-first heap   total 118784K, used 95135K [0x0000000080000000, 0x0000000100000000)
  region size 1024K, 44 young (45056K), 6 survivors (6144K)
 Metaspace       used 71735K, capacity 73421K, committed 73584K, reserved 1114112K
  class space    used 9333K, capacity 9960K, committed 10060K, reserved 1048576K
}
Event: 22.839 GC heap after
{Heap after GC invocations=20 (full 0):
 garbage-first heap   total 118784K, used 58964K [0x0000000080000000, 0x0000000100000000)
  region size 1024K, 6 young (6144K), 6 survivors (6144K)
 Metaspace       used 71735K, capacity 73421K, committed 73584K, reserved 1114112K
  class space    used 9333K, capacity 9960K, committed 10060K, reserved 1048576K
}

