# JRE version: OpenJDK Runtime Environment (11.0.11+9) (build 11.0.11+9-b60-7590822)
# Java VM: OpenJDK 64-Bit Server VM (11.0.11+9-b60-7590822, mixed mode, tiered, compressed oops, g1 gc, windows-amd64)
Heap:
 garbage-first heap   total 98304K, used 24815K [0x0000000080000000, 0x0000000100000000)
  region size 1024K, 11 young (11264K), 4 survivors (4096K)
 Metaspace       used 26066K, capacity 26712K, committed 26928K, reserved 1073152K
  class space    used 3405K, capacity 3617K, committed 3712K, reserved 1048576K
GC Heap History (8 events):
Event: 1.619 GC heap before
{Heap before GC invocations=0 (full 0):
 garbage-first heap   total 98304K, used 29696K [0x0000000080000000, 0x0000000100000000)
  region size 1024K, 24 young (24576K), 0 survivors (0K)
 Metaspace       used 10262K, capacity 10565K, committed 10624K, reserved 1058816K
  class space    used 1072K, capacity 1139K, committed 1152K, reserved 1048576K
}
Event: 1.634 GC heap after
{Heap after GC invocations=1 (full 0):
 garbage-first heap   total 98304K, used 9281K [0x0000000080000000, 0x0000000100000000)
  region size 1024K, 3 young (3072K), 3 survivors (3072K)
 Metaspace       used 10262K, capacity 10565K, committed 10624K, reserved 1058816K
  class space    used 1072K, capacity 1139K, committed 1152K, reserved 1048576K
}
Event: 3.190 GC heap before
{Heap before GC invocations=1 (full 0):
 garbage-first heap   total 98304K, used 64577K [0x0000000080000000, 0x0000000100000000)
  region size 1024K, 57 young (58368K), 3 survivors (3072K)
 Metaspace       used 13949K, capacity 14345K, committed 14464K, reserved 1062912K
  class space    used 1553K, capacity 1654K, committed 1664K, reserved 1048576K
}
Event: 3.203 GC heap after
{Heap after GC invocations=2 (full 0):
 garbage-first heap   total 98304K, used 14881K [0x0000000080000000, 0x0000000100000000)
  region size 1024K, 8 young (8192K), 8 survivors (8192K)
 Metaspace       used 13949K, capacity 14345K, committed 14464K, reserved 1062912K
  class space    used 1553K, capacity 1654K, committed 1664K, reserved 1048576K
}
Event: 5.143 GC heap before
{Heap before GC invocations=2 (full 0):
 garbage-first heap   total 98304K, used 56865K [0x0000000080000000, 0x0000000100000000)
  region size 1024K, 50 young (51200K), 8 survivors (8192K)
 Metaspace       used 20662K, capacity 21116K, committed 21296K, reserved 1069056K
  class space    used 2533K, capacity 2660K, committed 2688K, reserved 1048576K
}
Event: 5.161 GC heap after
{Heap after GC invocations=3 (full 0):
 garbage-first heap   total 98304K, used 17036K [0x0000000080000000, 0x0000000100000000)
  region size 1024K, 3 young (3072K), 3 survivors (3072K)
 Metaspace       used 20662K, capacity 21116K, committed 21296K, reserved 1069056K
  class space    used 2533K, capacity 2660K, committed 2688K, reserved 1048576K
}
Event: 6.167 GC heap before
{Heap before GC invocations=4 (full 0):
 garbage-first heap   total 98304K, used 63116K [0x0000000080000000, 0x0000000100000000)
  region size 1024K, 48 young (49152K), 3 survivors (3072K)
 Metaspace       used 25346K, capacity 25978K, committed 26288K, reserved 1073152K
  class space    used 3293K, capacity 3499K, committed 3584K, reserved 1048576K
}
Event: 6.173 GC heap after
{Heap after GC invocations=5 (full 0):
 garbage-first heap   total 98304K, used 18671K [0x0000000080000000, 0x0000000100000000)
  region size 1024K, 4 young (4096K), 4 survivors (4096K)
 Metaspace       used 25346K, capacity 25978K, committed 26288K, reserved 1073152K
  class space    used 3293K, capacity 3499K, committed 3584K, reserved 1048576K
}

