# JRE version: OpenJDK Runtime Environment (11.0.11+9) (build 11.0.11+9-b60-7590822)
# Java VM: OpenJDK 64-Bit Server VM (11.0.11+9-b60-7590822, mixed mode, tiered, compressed oops, g1 gc, windows-amd64)
Heap:
 garbage-first heap   total 98304K, used 40741K [0x0000000080000000, 0x0000000100000000)
  region size 1024K, 7 young (7168K), 6 survivors (6144K)
 Metaspace       used 47973K, capacity 49077K, committed 49276K, reserved 1091584K
  class space    used 6121K, capacity 6585K, committed 6656K, reserved 1048576K
GC Heap History (20 events):
Event: 1.425 GC heap before
{Heap before GC invocations=0 (full 0):
 garbage-first heap   total 98304K, used 29696K [0x0000000080000000, 0x0000000100000000)
  region size 1024K, 24 young (24576K), 0 survivors (0K)
 Metaspace       used 10256K, capacity 10501K, committed 10624K, reserved 1058816K
  class space    used 1073K, capacity 1139K, committed 1152K, reserved 1048576K
}
Event: 1.438 GC heap after
{Heap after GC invocations=1 (full 0):
 garbage-first heap   total 98304K, used 9642K [0x0000000080000000, 0x0000000100000000)
  region size 1024K, 3 young (3072K), 3 survivors (3072K)
 Metaspace       used 10256K, capacity 10501K, committed 10624K, reserved 1058816K
  class space    used 1073K, capacity 1139K, committed 1152K, reserved 1048576K
}
Event: 2.937 GC heap before
{Heap before GC invocations=1 (full 0):
 garbage-first heap   total 98304K, used 64938K [0x0000000080000000, 0x0000000100000000)
  region size 1024K, 57 young (58368K), 3 survivors (3072K)
 Metaspace       used 13964K, capacity 14345K, committed 14464K, reserved 1062912K
  class space    used 1556K, capacity 1654K, committed 1664K, reserved 1048576K
}
Event: 2.954 GC heap after
{Heap after GC invocations=2 (full 0):
 garbage-first heap   total 98304K, used 15138K [0x0000000080000000, 0x0000000100000000)
  region size 1024K, 8 young (8192K), 8 survivors (8192K)
 Metaspace       used 13964K, capacity 14345K, committed 14464K, reserved 1062912K
  class space    used 1556K, capacity 1654K, committed 1664K, reserved 1048576K
}
Event: 5.602 GC heap before
{Heap before GC invocations=2 (full 0):
 garbage-first heap   total 98304K, used 58146K [0x0000000080000000, 0x0000000100000000)
  region size 1024K, 51 young (52224K), 8 survivors (8192K)
 Metaspace       used 20663K, capacity 21116K, committed 21296K, reserved 1069056K
  class space    used 2533K, capacity 2660K, committed 2688K, reserved 1048576K
}
Event: 5.622 GC heap after
{Heap after GC invocations=3 (full 0):
 garbage-first heap   total 98304K, used 17114K [0x0000000080000000, 0x0000000100000000)
  region size 1024K, 3 young (3072K), 3 survivors (3072K)
 Metaspace       used 20663K, capacity 21116K, committed 21296K, reserved 1069056K
  class space    used 2533K, capacity 2660K, committed 2688K, reserved 1048576K
}
Event: 7.457 GC heap before
{Heap before GC invocations=4 (full 0):
 garbage-first heap   total 98304K, used 64218K [0x0000000080000000, 0x0000000100000000)
  region size 1024K, 49 young (50176K), 3 survivors (3072K)
 Metaspace       used 25540K, capacity 26144K, committed 26288K, reserved 1073152K
  class space    used 3322K, capacity 3533K, committed 3584K, reserved 1048576K
}
Event: 7.462 GC heap after
{Heap after GC invocations=5 (full 0):
 garbage-first heap   total 98304K, used 18913K [0x0000000080000000, 0x0000000100000000)
  region size 1024K, 4 young (4096K), 4 survivors (4096K)
 Metaspace       used 25540K, capacity 26144K, committed 26288K, reserved 1073152K
  class space    used 3322K, capacity 3533K, committed 3584K, reserved 1048576K
}
Event: 9.400 GC heap before
{Heap before GC invocations=5 (full 0):
 garbage-first heap   total 98304K, used 68065K [0x0000000080000000, 0x0000000100000000)
  region size 1024K, 52 young (53248K), 4 survivors (4096K)
 Metaspace       used 30490K, capacity 31161K, committed 31408K, reserved 1077248K
  class space    used 4084K, capacity 4338K, committed 4352K, reserved 1048576K
}
Event: 9.406 GC heap after
{Heap after GC invocations=6 (full 0):
 garbage-first heap   total 98304K, used 20288K [0x0000000080000000, 0x0000000100000000)
  region size 1024K, 4 young (4096K), 4 survivors (4096K)
 Metaspace       used 30490K, capacity 31161K, committed 31408K, reserved 1077248K
  class space    used 4084K, capacity 4338K, committed 4352K, reserved 1048576K
}
Event: 10.493 GC heap before
{Heap before GC invocations=6 (full 0):
 garbage-first heap   total 98304K, used 33600K [0x0000000080000000, 0x0000000100000000)
  region size 1024K, 18 young (18432K), 4 survivors (4096K)
 Metaspace       used 34896K, capacity 35663K, committed 35708K, reserved 1081344K
  class space    used 4543K, capacity 4862K, committed 4864K, reserved 1048576K
}
Event: 10.506 GC heap after
{Heap after GC invocations=7 (full 0):
 garbage-first heap   total 98304K, used 22812K [0x0000000080000000, 0x0000000100000000)
  region size 1024K, 6 young (6144K), 6 survivors (6144K)
 Metaspace       used 34896K, capacity 35663K, committed 35708K, reserved 1081344K
  class space    used 4543K, capacity 4862K, committed 4864K, reserved 1048576K
}
Event: 12.197 GC heap before
{Heap before GC invocations=8 (full 0):
 garbage-first heap   total 98304K, used 70940K [0x0000000080000000, 0x0000000100000000)
  region size 1024K, 51 young (52224K), 6 survivors (6144K)
 Metaspace       used 38738K, capacity 39583K, committed 39804K, reserved 1083392K
  class space    used 4950K, capacity 5312K, committed 5376K, reserved 1048576K
}
Event: 12.211 GC heap after
{Heap after GC invocations=9 (full 0):
 garbage-first heap   total 98304K, used 26692K [0x0000000080000000, 0x0000000100000000)
  region size 1024K, 7 young (7168K), 7 survivors (7168K)
 Metaspace       used 38738K, capacity 39583K, committed 39804K, reserved 1083392K
  class space    used 4950K, capacity 5312K, committed 5376K, reserved 1048576K
}
Event: 13.963 GC heap before
{Heap before GC invocations=9 (full 0):
 garbage-first heap   total 98304K, used 70724K [0x0000000080000000, 0x0000000100000000)
  region size 1024K, 51 young (52224K), 7 survivors (7168K)
 Metaspace       used 42347K, capacity 43318K, committed 43388K, reserved 1087488K
  class space    used 5462K, capacity 5822K, committed 5888K, reserved 1048576K
}
Event: 13.973 GC heap after
{Heap after GC invocations=10 (full 0):
 garbage-first heap   total 98304K, used 28458K [0x0000000080000000, 0x0000000100000000)
  region size 1024K, 3 young (3072K), 3 survivors (3072K)
 Metaspace       used 42347K, capacity 43318K, committed 43388K, reserved 1087488K
  class space    used 5462K, capacity 5822K, committed 5888K, reserved 1048576K
}
Event: 15.688 GC heap before
{Heap before GC invocations=10 (full 0):
 garbage-first heap   total 98304K, used 74538K [0x0000000080000000, 0x0000000100000000)
  region size 1024K, 47 young (48128K), 3 survivors (3072K)
 Metaspace       used 46307K, capacity 47382K, committed 47484K, reserved 1091584K
  class space    used 5961K, capacity 6365K, committed 6400K, reserved 1048576K
}
Event: 15.694 GC heap after
{Heap after GC invocations=11 (full 0):
 garbage-first heap   total 98304K, used 29519K [0x0000000080000000, 0x0000000100000000)
  region size 1024K, 4 young (4096K), 4 survivors (4096K)
 Metaspace       used 46307K, capacity 47382K, committed 47484K, reserved 1091584K
  class space    used 5961K, capacity 6365K, committed 6400K, reserved 1048576K
}
Event: 18.567 GC heap before
{Heap before GC invocations=11 (full 0):
 garbage-first heap   total 98304K, used 76623K [0x0000000080000000, 0x0000000100000000)
  region size 1024K, 48 young (49152K), 4 survivors (4096K)
 Metaspace       used 47973K, capacity 49077K, committed 49276K, reserved 1091584K
  class space    used 6121K, capacity 6585K, committed 6656K, reserved 1048576K
}
Event: 18.578 GC heap after
{Heap after GC invocations=12 (full 0):
 garbage-first heap   total 98304K, used 38693K [0x0000000080000000, 0x0000000100000000)
  region size 1024K, 6 young (6144K), 6 survivors (6144K)
 Metaspace       used 47973K, capacity 49077K, committed 49276K, reserved 1091584K
  class space    used 6121K, capacity 6585K, committed 6656K, reserved 1048576K
}

