# JRE version: OpenJDK Runtime Environment (11.0.11+9) (build 11.0.11+9-b60-7590822)
# Java VM: OpenJDK 64-Bit Server VM (11.0.11+9-b60-7590822, mixed mode, tiered, compressed oops, g1 gc, windows-amd64)
Heap:
 garbage-first heap   total 118784K, used 56838K [0x0000000080000000, 0x0000000100000000)
  region size 1024K, 37 young (37888K), 6 survivors (6144K)
 Metaspace       used 40524K, capacity 41448K, committed 41596K, reserved 1085440K
  class space    used 5201K, capacity 5571K, committed 5632K, reserved 1048576K
GC Heap History (16 events):
Event: 1.580 GC heap before
{Heap before GC invocations=0 (full 0):
 garbage-first heap   total 98304K, used 29696K [0x0000000080000000, 0x0000000100000000)
  region size 1024K, 24 young (24576K), 0 survivors (0K)
 Metaspace       used 10261K, capacity 10557K, committed 10624K, reserved 1058816K
  class space    used 1073K, capacity 1139K, committed 1152K, reserved 1048576K
}
Event: 1.594 GC heap after
{Heap after GC invocations=1 (full 0):
 garbage-first heap   total 98304K, used 9371K [0x0000000080000000, 0x0000000100000000)
  region size 1024K, 3 young (3072K), 3 survivors (3072K)
 Metaspace       used 10261K, capacity 10557K, committed 10624K, reserved 1058816K
  class space    used 1073K, capacity 1139K, committed 1152K, reserved 1048576K
}
Event: 2.844 GC heap before
{Heap before GC invocations=1 (full 0):
 garbage-first heap   total 98304K, used 64667K [0x0000000080000000, 0x0000000100000000)
  region size 1024K, 57 young (58368K), 3 survivors (3072K)
 Metaspace       used 13953K, capacity 14337K, committed 14464K, reserved 1062912K
  class space    used 1555K, capacity 1654K, committed 1664K, reserved 1048576K
}
Event: 2.855 GC heap after
{Heap after GC invocations=2 (full 0):
 garbage-first heap   total 98304K, used 14981K [0x0000000080000000, 0x0000000100000000)
  region size 1024K, 8 young (8192K), 8 survivors (8192K)
 Metaspace       used 13953K, capacity 14337K, committed 14464K, reserved 1062912K
  class space    used 1555K, capacity 1654K, committed 1664K, reserved 1048576K
}
Event: 4.084 GC heap before
{Heap before GC invocations=2 (full 0):
 garbage-first heap   total 98304K, used 41605K [0x0000000080000000, 0x0000000100000000)
  region size 1024K, 34 young (34816K), 8 survivors (8192K)
 Metaspace       used 18814K, capacity 19232K, committed 19328K, reserved 1067008K
  class space    used 2275K, capacity 2418K, committed 2432K, reserved 1048576K
}
Event: 4.093 GC heap after
{Heap after GC invocations=3 (full 0):
 garbage-first heap   total 98304K, used 16354K [0x0000000080000000, 0x0000000100000000)
  region size 1024K, 2 young (2048K), 2 survivors (2048K)
 Metaspace       used 18814K, capacity 19232K, committed 19328K, reserved 1067008K
  class space    used 2275K, capacity 2418K, committed 2432K, reserved 1048576K
}
Event: 4.488 GC heap before
{Heap before GC invocations=3 (full 0):
 garbage-first heap   total 98304K, used 31714K [0x0000000080000000, 0x0000000100000000)
  region size 1024K, 18 young (18432K), 2 survivors (2048K)
 Metaspace       used 20652K, capacity 21108K, committed 21296K, reserved 1069056K
  class space    used 2535K, capacity 2660K, committed 2688K, reserved 1048576K
}
Event: 4.496 GC heap after
{Heap after GC invocations=4 (full 0):
 garbage-first heap   total 98304K, used 16754K [0x0000000080000000, 0x0000000100000000)
  region size 1024K, 3 young (3072K), 3 survivors (3072K)
 Metaspace       used 20652K, capacity 21108K, committed 21296K, reserved 1069056K
  class space    used 2535K, capacity 2660K, committed 2688K, reserved 1048576K
}
Event: 5.223 GC heap before
{Heap before GC invocations=5 (full 0):
 garbage-first heap   total 98304K, used 54642K [0x0000000080000000, 0x0000000100000000)
  region size 1024K, 41 young (41984K), 3 survivors (3072K)
 Metaspace       used 24475K, capacity 25132K, committed 25392K, reserved 1071104K
  class space    used 3148K, capacity 3368K, committed 3456K, reserved 1048576K
}
Event: 5.231 GC heap after
{Heap after GC invocations=6 (full 0):
 garbage-first heap   total 98304K, used 18019K [0x0000000080000000, 0x0000000100000000)
  region size 1024K, 4 young (4096K), 4 survivors (4096K)
 Metaspace       used 24475K, capacity 25132K, committed 25392K, reserved 1071104K
  class space    used 3148K, capacity 3368K, committed 3456K, reserved 1048576K
}
Event: 6.158 GC heap before
{Heap before GC invocations=6 (full 0):
 garbage-first heap   total 98304K, used 60003K [0x0000000080000000, 0x0000000100000000)
  region size 1024K, 45 young (46080K), 4 survivors (4096K)
 Metaspace       used 28489K, capacity 29190K, committed 29360K, reserved 1075200K
  class space    used 3793K, capacity 4025K, committed 4096K, reserved 1048576K
}
Event: 6.169 GC heap after
{Heap after GC invocations=7 (full 0):
 garbage-first heap   total 98304K, used 19753K [0x0000000080000000, 0x0000000100000000)
  region size 1024K, 4 young (4096K), 4 survivors (4096K)
 Metaspace       used 28489K, capacity 29190K, committed 29360K, reserved 1075200K
  class space    used 3793K, capacity 4025K, committed 4096K, reserved 1048576K
}
Event: 7.174 GC heap before
{Heap before GC invocations=7 (full 0):
 garbage-first heap   total 98304K, used 49449K [0x0000000080000000, 0x0000000100000000)
  region size 1024K, 34 young (34816K), 4 survivors (4096K)
 Metaspace       used 34888K, capacity 35658K, committed 35708K, reserved 1081344K
  class space    used 4541K, capacity 4863K, committed 4864K, reserved 1048576K
}
Event: 7.190 GC heap after
{Heap after GC invocations=8 (full 0):
 garbage-first heap   total 98304K, used 22609K [0x0000000080000000, 0x0000000100000000)
  region size 1024K, 6 young (6144K), 6 survivors (6144K)
 Metaspace       used 34888K, capacity 35658K, committed 35708K, reserved 1081344K
  class space    used 4541K, capacity 4863K, committed 4864K, reserved 1048576K
}
Event: 7.999 GC heap before
{Heap before GC invocations=9 (full 0):
 garbage-first heap   total 98304K, used 66641K [0x0000000080000000, 0x0000000100000000)
  region size 1024K, 47 young (48128K), 6 survivors (6144K)
 Metaspace       used 38657K, capacity 39569K, committed 39804K, reserved 1083392K
  class space    used 4941K, capacity 5310K, committed 5376K, reserved 1048576K
}
Event: 8.017 GC heap after
{Heap after GC invocations=10 (full 0):
 garbage-first heap   total 118784K, used 26118K [0x0000000080000000, 0x0000000100000000)
  region size 1024K, 6 young (6144K), 6 survivors (6144K)
 Metaspace       used 38657K, capacity 39569K, committed 39804K, reserved 1083392K
  class space    used 4941K, capacity 5310K, committed 5376K, reserved 1048576K
}

